#
# There is insufficient memory for the Java Runtime Environment to continue.
# Native memory allocation (mmap) failed to map 266338304 bytes for G1 virtual space
# Possible reasons:
#   The system is out of physical RAM or swap space
#   The process is running with CompressedOops enabled, and the Java Heap may be blocking the growth of the native heap
# Possible solutions:
#   Reduce memory load on the system
#   Increase physical memory or swap space
#   Check if swap backing store is full
#   Decrease Java heap size (-Xmx/-Xms)
#   Decrease number of Java threads
#   Decrease Java thread stack sizes (-Xss)
#   Set larger code cache with -XX:ReservedCodeCacheSize=
#   JVM is running with Zero Based Compressed Oops mode in which the Java heap is
#     placed in the first 32GB address space. The Java Heap base address is the
#     maximum limit for the native heap growth. Please use -XX:HeapBaseMinAddress
#     to set the Java Heap base and to place the Java Heap above 32GB virtual address.
# This output file may be truncated or incomplete.
#
#  Out of Memory Error (os_windows.cpp:3600), pid=17844, tid=8812
#
# JRE version:  (21.0+35) (build )
# Java VM: Java HotSpot(TM) 64-Bit Server VM (21+35-LTS-2513, mixed mode, sharing, tiered, compressed oops, compressed class ptrs, g1 gc, windows-amd64)
# No core dump will be written. Minidumps are not enabled by default on client versions of Windows
#

---------------  S U M M A R Y ------------

Command Line: -Dfile.encoding=UTF-8 -XX:+ShowCodeDetailsInExceptionMessages org.mql.java.ui.MainFrame

Host: Intel(R) Core(TM) i7-9750H CPU @ 2.60GHz, 12 cores, 15G,  Windows 11 , 64 bit Build 22621 (10.0.22621.2506)
Time: Thu Jan 25 21:11:00 2024 Paris, Madrid elapsed time: 0.029083 seconds (0d 0h 0m 0s)

---------------  T H R E A D  ---------------

Current thread (0x00000208ad71b020):  JavaThread "Unknown thread" [_thread_in_vm, id=8812, stack(0x000000236ec00000,0x000000236ed00000) (1024K)]

Stack: [0x000000236ec00000,0x000000236ed00000]
Native frames: (J=compiled Java code, j=interpreted, Vv=VM code, C=native code)
V  [jvm.dll+0x6c8d39]
V  [jvm.dll+0x854091]
V  [jvm.dll+0x85630e]
V  [jvm.dll+0x8569e3]
V  [jvm.dll+0x2809a6]
V  [jvm.dll+0x6c5425]
V  [jvm.dll+0x6b9e1a]
V  [jvm.dll+0x3555ba]
V  [jvm.dll+0x35d206]
V  [jvm.dll+0x3adf6e]
V  [jvm.dll+0x3ae218]
V  [jvm.dll+0x328fcc]
V  [jvm.dll+0x329b5b]
V  [jvm.dll+0x81c699]
V  [jvm.dll+0x3bb2a1]
V  [jvm.dll+0x805688]
V  [jvm.dll+0x44ed9e]
V  [jvm.dll+0x4506a1]
C  [jli.dll+0x52a3]
C  [ucrtbase.dll+0x29363]
C  [KERNEL32.DLL+0x1257d]
C  [ntdll.dll+0x5aa58]


---------------  P R O C E S S  ---------------

Threads class SMR info:
_java_thread_list=0x00007ffdf7f47b48, length=0, elements={
}

Java Threads: ( => current thread )
Total: 0

Other Threads:
  0x00000208ad9ae6c0 WorkerThread "GC Thread#0"                     [id=13848, stack(0x000000236ed00000,0x000000236ee00000) (1024K)]
  0x00000208ad9bfd80 ConcurrentGCThread "G1 Main Marker"            [id=3360, stack(0x000000236ee00000,0x000000236ef00000) (1024K)]
  0x00000208ad9c0880 WorkerThread "G1 Conc#0"                       [id=9604, stack(0x000000236ef00000,0x000000236f000000) (1024K)]

[error occurred during error reporting (printing all threads), id 0xc0000005, EXCEPTION_ACCESS_VIOLATION (0xc0000005) at pc=0x00007ffdf76bc097]
VM state: not at safepoint (not fully initialized)

VM Mutex/Monitor currently owned by a thread:  ([mutex/lock_event])
[0x00007ffdf7fb8648] Heap_lock - owner thread: 0x00000208ad71b020

Heap address: 0x0000000702600000, size: 4058 MB, Compressed Oops mode: Zero based, Oop shift amount: 3

CDS archive(s) mapped at: [0x0000000000000000-0x0000000000000000-0x0000000000000000), size 0, SharedBaseAddress: 0x0000000800000000, ArchiveRelocationMode: 1.
Narrow klass base: 0x0000000000000000, Narrow klass shift: 0, Narrow klass range: 0x0

GC Precious Log:
 CardTable entry size: 512
 Card Set container configuration: InlinePtr #cards 4 size 8 Array Of Cards #cards 16 size 48 Howl #buckets 8 coarsen threshold 3686 Howl Bitmap #cards 512 size 80 coarsen threshold 460 Card regions per heap region 1 cards per card region 4096

Heap:
 garbage-first heap   total 0K, used 0K [0x0000000702600000, 0x0000000800000000)
  region size 2048K, 0 young (0K), 0 survivors (0K)

[error occurred during error reporting (printing heap information), id 0xc0000005, EXCEPTION_ACCESS_VIOLATION (0xc0000005) at pc=0x00007ffdf7aa1939]
GC Heap History (0 events):
No events

Dll operation events (1 events):
Event: 0.015 Loaded shared library C:\Program Files\Java\jdk-21\bin\java.dll

Deoptimization events (0 events):
No events

Classes loaded (0 events):
No events

Classes unloaded (0 events):
No events

Classes redefined (0 events):
No events

Internal exceptions (0 events):
No events

ZGC Phase Switch (0 events):
No events

VM Operations (0 events):
No events

Events (0 events):
No events


Dynamic libraries:
0x00007ff7652a0000 - 0x00007ff7652b0000 	C:\Program Files\Java\jdk-21\bin\javaw.exe
0x00007ffe77df0000 - 0x00007ffe78007000 	C:\Windows\SYSTEM32\ntdll.dll
0x00007ffe76b80000 - 0x00007ffe76c44000 	C:\Windows\System32\KERNEL32.DLL
0x00007ffe75350000 - 0x00007ffe756f6000 	C:\Windows\System32\KERNELBASE.dll
0x00007ffe757c0000 - 0x00007ffe758d1000 	C:\Windows\System32\ucrtbase.dll
0x00007ffe6e210000 - 0x00007ffe6e229000 	C:\Program Files\Java\jdk-21\bin\jli.dll
0x00007ffe6b9f0000 - 0x00007ffe6ba0b000 	C:\Program Files\Java\jdk-21\bin\VCRUNTIME140.dll
0x00007ffe77700000 - 0x00007ffe777b3000 	C:\Windows\System32\ADVAPI32.dll
0x00007ffe77d00000 - 0x00007ffe77da7000 	C:\Windows\System32\msvcrt.dll
0x00007ffe772c0000 - 0x00007ffe77368000 	C:\Windows\System32\sechost.dll
0x00007ffe751d0000 - 0x00007ffe751f8000 	C:\Windows\System32\bcrypt.dll
0x00007ffe769e0000 - 0x00007ffe76af7000 	C:\Windows\System32\RPCRT4.dll
0x00007ffe77540000 - 0x00007ffe776ee000 	C:\Windows\System32\USER32.dll
0x00007ffe75320000 - 0x00007ffe75346000 	C:\Windows\System32\win32u.dll
0x00007ffe58010000 - 0x00007ffe582a3000 	C:\Windows\WinSxS\amd64_microsoft.windows.common-controls_6595b64144ccf1df_6.0.22621.2506_none_270c5ae97388e100\COMCTL32.dll
0x00007ffe75b40000 - 0x00007ffe75b69000 	C:\Windows\System32\GDI32.dll
0x00007ffe75200000 - 0x00007ffe75318000 	C:\Windows\System32\gdi32full.dll
0x00007ffe75130000 - 0x00007ffe751ca000 	C:\Windows\System32\msvcp_win.dll
0x00007ffe6bc30000 - 0x00007ffe6bc3a000 	C:\Windows\SYSTEM32\VERSION.dll
0x00007ffe778c0000 - 0x00007ffe778f1000 	C:\Windows\System32\IMM32.DLL
0x00007ffe71f90000 - 0x00007ffe71f9c000 	C:\Program Files\Java\jdk-21\bin\vcruntime140_1.dll
0x00007ffe58c00000 - 0x00007ffe58c8e000 	C:\Program Files\Java\jdk-21\bin\msvcp140.dll
0x00007ffdf7380000 - 0x00007ffdf8093000 	C:\Program Files\Java\jdk-21\bin\server\jvm.dll
0x00007ffe76010000 - 0x00007ffe76081000 	C:\Windows\System32\WS2_32.dll
0x00007ffe74a50000 - 0x00007ffe74a9d000 	C:\Windows\SYSTEM32\POWRPROF.dll
0x00007ffe6d750000 - 0x00007ffe6d784000 	C:\Windows\SYSTEM32\WINMM.dll
0x00007ffe74a30000 - 0x00007ffe74a43000 	C:\Windows\SYSTEM32\UMPDC.dll
0x00007ffe740c0000 - 0x00007ffe740d8000 	C:\Windows\SYSTEM32\kernel.appcore.dll
0x00007ffe6e180000 - 0x00007ffe6e18a000 	C:\Program Files\Java\jdk-21\bin\jimage.dll
0x00007ffe72a00000 - 0x00007ffe72c33000 	C:\Windows\SYSTEM32\DBGHELP.DLL
0x00007ffe77970000 - 0x00007ffe77cf9000 	C:\Windows\System32\combase.dll
0x00007ffe768f0000 - 0x00007ffe769c7000 	C:\Windows\System32\OLEAUT32.dll
0x00007ffe534c0000 - 0x00007ffe534f2000 	C:\Windows\SYSTEM32\dbgcore.DLL
0x00007ffe75ac0000 - 0x00007ffe75b3a000 	C:\Windows\System32\bcryptPrimitives.dll
0x00007ffe6a190000 - 0x00007ffe6a1af000 	C:\Program Files\Java\jdk-21\bin\java.dll

dbghelp: loaded successfully - version: 4.0.5 - missing functions: none
symbol engine: initialized successfully - sym options: 0x614 - pdb path: .;C:\Program Files\Java\jdk-21\bin;C:\Windows\SYSTEM32;C:\Windows\WinSxS\amd64_microsoft.windows.common-controls_6595b64144ccf1df_6.0.22621.2506_none_270c5ae97388e100;C:\Program Files\Java\jdk-21\bin\server

VM Arguments:
jvm_args: -Dfile.encoding=UTF-8 -XX:+ShowCodeDetailsInExceptionMessages 
java_command: org.mql.java.ui.MainFrame
java_class_path (initial): D:\Eng-cours\Dev\Java Advanced\Java WorkSpace\Tajry Mohammed - UML Diagrams Generator\bin
Launcher Type: SUN_STANDARD

[Global flags]
     intx CICompilerCount                          = 4                                         {product} {ergonomic}
     uint ConcGCThreads                            = 3                                         {product} {ergonomic}
     uint G1ConcRefinementThreads                  = 10                                        {product} {ergonomic}
   size_t G1HeapRegionSize                         = 2097152                                   {product} {ergonomic}
    uintx GCDrainStackTargetSize                   = 64                                        {product} {ergonomic}
   size_t InitialHeapSize                          = 266338304                                 {product} {ergonomic}
   size_t MarkStackSize                            = 4194304                                   {product} {ergonomic}
   size_t MaxHeapSize                              = 4255121408                                {product} {ergonomic}
   size_t MinHeapDeltaBytes                        = 2097152                                   {product} {ergonomic}
   size_t MinHeapSize                              = 8388608                                   {product} {ergonomic}
    uintx NonNMethodCodeHeapSize                   = 5839372                                {pd product} {ergonomic}
    uintx NonProfiledCodeHeapSize                  = 122909434                              {pd product} {ergonomic}
    uintx ProfiledCodeHeapSize                     = 122909434                              {pd product} {ergonomic}
    uintx ReservedCodeCacheSize                    = 251658240                              {pd product} {ergonomic}
     bool SegmentedCodeCache                       = true                                      {product} {ergonomic}
     bool ShowCodeDetailsInExceptionMessages       = true                                   {manageable} {command line}
   size_t SoftMaxHeapSize                          = 4255121408                             {manageable} {ergonomic}
     bool UseCompressedOops                        = true                           {product lp64_product} {ergonomic}
     bool UseG1GC                                  = true                                      {product} {ergonomic}
     bool UseLargePagesIndividualAllocation        = false                                  {pd product} {ergonomic}

Logging:
Log output configuration:
 #0: stdout all=warning uptime,level,tags foldmultilines=false
 #1: stderr all=off uptime,level,tags foldmultilines=false

Environment Variables:
JAVA_HOME=C:\Program Files\Java\jdk-21
PATH=C:/Users/Onlive/.p2/pool/plugins/org.eclipse.justj.openjdk.hotspot.jre.full.win32.x86_64_17.0.8.v20230801-1951/jre/bin/server;C:/Users/Onlive/.p2/pool/plugins/org.eclipse.justj.openjdk.hotspot.jre.full.win32.x86_64_17.0.8.v20230801-1951/jre/bin;C:\Program Files\Java\jdk-21\bin;D:\app\Onlive\product\11.2.0\dbhome_1\bin;C:\Program Files\Common Files\Oracle\Java\javapath;C:\Program Files (x86)\Common Files\Oracle\Java\javapath;C:\Windows\system32;C:\Windows;C:\Windows\System32\Wbem;C:\Windows\System32\WindowsPowerShell\v1.0\;C:\Windows\System32\OpenSSH\;C:\Program Files (x86)\NVIDIA Corporation\PhysX\Common;C:\Program Files (x86)\Windows Kits\10\Windows Performance Toolkit\;C:\Program Files\Liquid Technologies\Liquid Studio\XmlDataBinder20\Redist20\cpp\win32\bin;C:\Program Files\Liquid Technologies\Liquid Studio\XmlDataBinder20\Redist20\cpp\win64\bin;C:\Program Files\SafeNet\Authentication\SAC\x64;C:\Program Files\SafeNet\Authentication\SAC\x32;C:\Program Files\Git\cmd;C:\Users\Onlive\AppData\Local\Programs\Python\Python311\Scripts\;C:\Users\Onlive\AppData\Local\Programs\Python\Python311\;C:\Users\Onlive\AppData\Local\Microsoft\WindowsApps;C:\Users\Onlive\AppData\Local\Programs\Microsoft VS Code\bin;C:\Program Files\JetBrains\IntelliJ IDEA 2021.3\bin;;C:\Users\Onlive\AppData\Local\GitHubDesktop\bin;C:\Users\Onlive\Desktop;
USERNAME=Onlive
OS=Windows_NT
PROCESSOR_IDENTIFIER=Intel64 Family 6 Model 158 Stepping 10, GenuineIntel
TMP=C:\Users\Onlive\AppData\Local\Temp
TEMP=C:\Users\Onlive\AppData\Local\Temp




---------------  S Y S T E M  ---------------

OS:
 Windows 11 , 64 bit Build 22621 (10.0.22621.2506)
OS uptime: 2 days 7:14 hours
Hyper-V role detected

CPU: total 12 (initial active 12) (6 cores per cpu, 2 threads per core) family 6 model 158 stepping 10 microcode 0xf0, cx8, cmov, fxsr, ht, mmx, 3dnowpref, sse, sse2, sse3, ssse3, sse4.1, sse4.2, popcnt, lzcnt, tsc, tscinvbit, avx, avx2, aes, erms, clmul, bmi1, bmi2, adx, fma, vzeroupper, clflush, clflushopt, hv, rdtscp, f16c
Processor Information for all 12 processors :
  Max Mhz: 2592, Current Mhz: 2592, Mhz Limit: 2592

Memory: 4k page, system-wide physical 16224M (4440M free)
TotalPageFile size 31240M (AvailPageFile size 251M)
current process WorkingSet (physical memory assigned to process): 11M, peak: 11M
current process commit charge ("private bytes"): 64M, peak: 318M

vm_info: Java HotSpot(TM) 64-Bit Server VM (21+35-LTS-2513) for windows-amd64 JRE (21+35-LTS-2513), built on 2023-08-09T20:25:10Z by "mach5one" with MS VC++ 17.1 (VS2022)

END.
