#
# There is insufficient memory for the Java Runtime Environment to continue.
# Native memory allocation (mmap) failed to map 65536 bytes for Failed to commit metaspace.
# Possible reasons:
#   The system is out of physical RAM or swap space
#   The process is running with CompressedOops enabled, and the Java Heap may be blocking the growth of the native heap
# Possible solutions:
#   Reduce memory load on the system
#   Increase physical memory or swap space
#   Check if swap backing store is full
#   Decrease Java heap size (-Xmx/-Xms)
#   Decrease number of Java threads
#   Decrease Java thread stack sizes (-Xss)
#   Set larger code cache with -XX:ReservedCodeCacheSize=
#   JVM is running with Zero Based Compressed Oops mode in which the Java heap is
#     placed in the first 32GB address space. The Java Heap base address is the
#     maximum limit for the native heap growth. Please use -XX:HeapBaseMinAddress
#     to set the Java Heap base and to place the Java Heap above 32GB virtual address.
# This output file may be truncated or incomplete.
#
#  Out of Memory Error (virtualSpaceNode.cpp:112), pid=1324, tid=12992
#
# JRE version: Java(TM) SE Runtime Environment (21.0+35) (build 21+35-LTS-2513)
# Java VM: Java HotSpot(TM) 64-Bit Server VM (21+35-LTS-2513, mixed mode, sharing, tiered, compressed oops, compressed class ptrs, g1 gc, windows-amd64)
# No core dump will be written. Minidumps are not enabled by default on client versions of Windows
#

---------------  S U M M A R Y ------------

Command Line: -Dfile.encoding=UTF-8 -XX:+ShowCodeDetailsInExceptionMessages org.mql.java.ui.MainFrame

Host: Intel(R) Core(TM) i7-9750H CPU @ 2.60GHz, 12 cores, 15G,  Windows 11 , 64 bit Build 22621 (10.0.22621.2506)
Time: Thu Jan 25 18:28:02 2024 Paris, Madrid elapsed time: 0.177035 seconds (0d 0h 0m 0s)

---------------  T H R E A D  ---------------

Current thread (0x000002267e68ad90):  JavaThread "main"             [_thread_in_vm, id=12992, stack(0x000000751bf00000,0x000000751c000000) (1024K)]

Stack: [0x000000751bf00000,0x000000751c000000]
Native frames: (J=compiled Java code, j=interpreted, Vv=VM code, C=native code)
V  [jvm.dll+0x6c8d39]
V  [jvm.dll+0x854091]
V  [jvm.dll+0x85630e]
V  [jvm.dll+0x8569e3]
V  [jvm.dll+0x2809a6]
V  [jvm.dll+0x84fdce]
V  [jvm.dll+0x66c755]
V  [jvm.dll+0x66c7ba]
V  [jvm.dll+0x66efb6]
V  [jvm.dll+0x66ee82]
V  [jvm.dll+0x66d12e]
V  [jvm.dll+0x677367]
V  [jvm.dll+0x217923]
V  [jvm.dll+0x217e65]
V  [jvm.dll+0x218881]
V  [jvm.dll+0x20db1e]
V  [jvm.dll+0x5ac48c]
V  [jvm.dll+0x21f54a]
V  [jvm.dll+0x7cc981]
V  [jvm.dll+0x7cd9e5]
V  [jvm.dll+0x7cdf8f]
V  [jvm.dll+0x7cdc38]
V  [jvm.dll+0x26e97b]
V  [jvm.dll+0x26ebaa]
V  [jvm.dll+0x5cf187]
V  [jvm.dll+0x5d213f]
V  [jvm.dll+0x3d7110]
V  [jvm.dll+0x3d678d]
C  0x0000022610ce9720

The last pc belongs to invokestatic (printed below).
Java frames: (J=compiled Java code, j=interpreted, Vv=VM code)
j  java.util.Arrays.sort([Ljava/lang/Object;)V+20 java.base@21
j  sun.awt.windows.WDesktopProperties.getKeyNames()[Ljava/lang/String;+21 java.desktop@21
j  sun.awt.windows.WDesktopProperties.getProperties()Ljava/util/Map;+38 java.desktop@21
j  sun.awt.windows.WToolkit.lazilyInitWProps()V+24 java.desktop@21
j  sun.awt.windows.WToolkit.lazilyLoadDesktopProperty(Ljava/lang/String;)Ljava/lang/Object;+97 java.desktop@21
j  java.awt.Toolkit.getDesktopProperty(Ljava/lang/String;)Ljava/lang/Object;+70 java.desktop@21
j  javax.swing.UIManager.<clinit>()V+106 java.desktop@21
v  ~StubRoutines::call_stub 0x0000022610cd100d
j  javax.swing.JPanel.updateUI()V+2 java.desktop@21
j  javax.swing.JPanel.<init>(Ljava/awt/LayoutManager;Z)V+24 java.desktop@21
j  javax.swing.JPanel.<init>(Z)V+9 java.desktop@21
j  javax.swing.JPanel.<init>()V+2 java.desktop@21
j  javax.swing.JRootPane.createGlassPane()Ljava/awt/Component;+4 java.desktop@21
j  javax.swing.JRootPane.<init>()V+11 java.desktop@21
j  javax.swing.JFrame.createRootPane()Ljavax/swing/JRootPane;+4 java.desktop@21
j  javax.swing.JFrame.frameInit()V+16 java.desktop@21
j  javax.swing.JFrame.<init>()V+20 java.desktop@21
j  org.mql.java.ui.MainFrame.<init>()V+1
j  org.mql.java.ui.MainFrame.main([Ljava/lang/String;)V+4
v  ~StubRoutines::call_stub 0x0000022610cd100d
invokestatic  184 invokestatic  [0x0000022610ce9680, 0x0000022610ce9928]  680 bytes
[MachCode]
  0x0000022610ce9680: 4883 ec08 | c5fa 1104 | 24eb 1f48 | 83ec 10c5 | fb11 0424 | eb14 4883 | ec10 4889 | 0424 48c7 
  0x0000022610ce96a0: 4424 0800 | 0000 00eb | 0150 4c89 | 6dc0 410f | b755 0148 | 8b4d d0c1 | e202 8b5c | d138 c1eb 
  0x0000022610ce96c0: 1081 e3ff | 0000 0081 | fbb8 0000 | 000f 84b4 | 0000 00bb | b800 0000 | e805 0000 | 00e9 9900 
  0x0000022610ce96e0: 0000 488b | d348 8d44 | 2408 4c89 | 6dc0 498b | cfc5 f877 | 4989 afa8 | 0300 0049 | 8987 9803 
  0x0000022610ce9700: 0000 4883 | ec20 40f6 | c40f 0f84 | 1900 0000 | 4883 ec08 | 48b8 2067 | 75f7 fd7f | 0000 ffd0 
  0x0000022610ce9720: 4883 c408 | e90c 0000 | 0048 b820 | 6775 f7fd | 7f00 00ff | d048 83c4 | 2049 c787 | 9803 0000 
  0x0000022610ce9740: 0000 0000 | 49c7 87a8 | 0300 0000 | 0000 0049 | c787 a003 | 0000 0000 | 0000 c5f8 | 7749 837f 
  0x0000022610ce9760: 0800 0f84 | 0500 0000 | e993 77fe | ff4c 8b6d | c04c 8b75 | c84e 8d74 | f500 c341 | 0fb7 5501 
  0x0000022610ce9780: 488b 4dd0 | c1e2 0248 | 8b5c d140 | 488b 5b08 | 488b 5b08 | 488b 5b18 | 80bb 2001 | 0000 050f 
  0x0000022610ce97a0: 840d 0000 | 004c 3bbb | 3001 0000 | 0f85 21ff | ffff 488b | 5cd1 408b | 54d1 50c1 | ea1c 49ba 
  0x0000022610ce97c0: d07d fcf7 | fd7f 0000 | 498b 14d2 | 5248 8b45 | d848 85c0 | 0f84 1200 | 0000 4883 | 4008 0148 
  0x0000022610ce97e0: 8358 0800 | 4883 c010 | 4889 45d8 | 488b 45d8 | 4885 c00f | 8423 0100 | 0080 78f0 | 0a0f 8519 
  0x0000022610ce9800: 0100 0048 | 83c0 084c | 8b68 f841 | 83ed 0041 | 83fd 020f | 8cf8 0000 | 004c 8b6b | 0845 0fb7 
  0x0000022610ce9820: 6d2e 4c2b | 2841 83ed | 014e 8b6c | ec08 4d85 | ed75 0748 | 8348 0801 | eb4a 458b | 6d08 49ba 
  0x0000022610ce9840: 0000 0020 | 2602 0000 | 4d03 ea4c | 3368 0849 | f7c5 fcff | ffff 742c | 41f6 c502 | 7526 4883 
  0x0000022610ce9860: 7808 0074 | 1b48 8378 | 0801 7414 | 4c33 6808 | 49f7 c5fc | ffff ff74 | 0b48 8348 | 0802 eb04 
  0x0000022610ce9880: 4c89 6808 | 4883 c010 | 4c8b 68e8 | 4183 ed02 | 4183 fd02 | 0f8c 7700 | 0000 4c8b | 6b08 450f 
  0x0000022610ce98a0: b76d 2e4c | 2b28 4183 | ed01 4e8b | 6cec 084d | 85ed 7507 | 4883 4808 | 01eb 4a45 | 8b6d 0849 
  0x0000022610ce98c0: ba00 0000 | 2026 0200 | 004d 03ea | 4c33 6808 | 49f7 c5fc | ffff ff74 | 2c41 f6c5 | 0275 2648 
  0x0000022610ce98e0: 8378 0800 | 741b 4883 | 7808 0174 | 144c 3368 | 0849 f7c5 | fcff ffff | 740b 4883 | 4808 02eb 
  0x0000022610ce9900: 044c 8968 | 0848 83c0 | 104c 8b68 | d841 83ed | 0441 c1e5 | 0349 03c5 | 4889 45d8 | 4c8d 6c24 
  0x0000022610ce9920: 084c 896d | f0ff 6350 
[/MachCode]

---------------  P R O C E S S  ---------------

Threads class SMR info:
_java_thread_list=0x000002266540d880, length=14, elements={
0x000002267e68ad90, 0x000002261ff03900, 0x000002261ff049d0, 0x000002261ff07350,
0x000002261ff07fb0, 0x000002261ff0c2a0, 0x000002261ff0cd00, 0x000002261ff1dc90,
0x000002261ff20480, 0x000002266525fd20, 0x0000022665260a40, 0x00000226652610d0,
0x00000226652603b0, 0x000002266541fba0
}

Java Threads: ( => current thread )
=>0x000002267e68ad90 JavaThread "main"                              [_thread_in_vm, id=12992, stack(0x000000751bf00000,0x000000751c000000) (1024K)]
  0x000002261ff03900 JavaThread "Reference Handler"          daemon [_thread_blocked, id=16960, stack(0x000000751c700000,0x000000751c800000) (1024K)]
  0x000002261ff049d0 JavaThread "Finalizer"                  daemon [_thread_blocked, id=18652, stack(0x000000751c800000,0x000000751c900000) (1024K)]
  0x000002261ff07350 JavaThread "Signal Dispatcher"          daemon [_thread_blocked, id=17836, stack(0x000000751c900000,0x000000751ca00000) (1024K)]
  0x000002261ff07fb0 JavaThread "Attach Listener"            daemon [_thread_blocked, id=13224, stack(0x000000751ca00000,0x000000751cb00000) (1024K)]
  0x000002261ff0c2a0 JavaThread "Service Thread"             daemon [_thread_blocked, id=18916, stack(0x000000751cb00000,0x000000751cc00000) (1024K)]
  0x000002261ff0cd00 JavaThread "Monitor Deflation Thread"   daemon [_thread_blocked, id=11712, stack(0x000000751cc00000,0x000000751cd00000) (1024K)]
  0x000002261ff1dc90 JavaThread "C2 CompilerThread0"         daemon [_thread_blocked, id=18864, stack(0x000000751cd00000,0x000000751ce00000) (1024K)]
  0x000002261ff20480 JavaThread "C1 CompilerThread0"         daemon [_thread_blocked, id=19528, stack(0x000000751ce00000,0x000000751cf00000) (1024K)]
  0x000002266525fd20 JavaThread "Notification Thread"        daemon [_thread_blocked, id=17172, stack(0x000000751cf00000,0x000000751d000000) (1024K)]
  0x0000022665260a40 JavaThread "Common-Cleaner"             daemon [_thread_blocked, id=13244, stack(0x000000751d000000,0x000000751d100000) (1024K)]
  0x00000226652610d0 JavaThread "Java2D Disposer"            daemon [_thread_blocked, id=11056, stack(0x000000751d100000,0x000000751d200000) (1024K)]
  0x00000226652603b0 JavaThread "AWT-Shutdown"                      [_thread_blocked, id=19268, stack(0x000000751d200000,0x000000751d300000) (1024K)]
  0x000002266541fba0 JavaThread "AWT-Windows"                daemon [_thread_in_native, id=5960, stack(0x000000751d300000,0x000000751d400000) (1024K)]
Total: 14

Other Threads:
  0x000002261fee5c50 VMThread "VM Thread"                           [id=19156, stack(0x000000751c600000,0x000000751c700000) (1024K)]
  0x000002261fed0700 WatcherThread "VM Periodic Task Thread"        [id=10356, stack(0x000000751c500000,0x000000751c600000) (1024K)]
  0x000002267f55e2a0 WorkerThread "GC Thread#0"                     [id=2764, stack(0x000000751c000000,0x000000751c100000) (1024K)]
  0x000002267f56f010 ConcurrentGCThread "G1 Main Marker"            [id=8344, stack(0x000000751c100000,0x000000751c200000) (1024K)]
  0x000002267f570460 WorkerThread "G1 Conc#0"                       [id=19088, stack(0x000000751c200000,0x000000751c300000) (1024K)]
  0x000002267f5be720 ConcurrentGCThread "G1 Refine#0"               [id=12804, stack(0x000000751c300000,0x000000751c400000) (1024K)]
  0x000002261fd9f4b0 ConcurrentGCThread "G1 Service"                [id=8520, stack(0x000000751c400000,0x000000751c500000) (1024K)]
Total: 7

Threads with active compile tasks:
Total: 0

VM state: not at safepoint (normal execution)

VM Mutex/Monitor currently owned by a thread:  ([mutex/lock_event])
[0x00007ffdf7fb64c8] Metaspace_lock - owner thread: 0x000002267e68ad90

Heap address: 0x0000000702600000, size: 4058 MB, Compressed Oops mode: Zero based, Oop shift amount: 3

CDS archive(s) mapped at: [0x0000022620000000-0x0000022620c90000-0x0000022620c90000), size 13172736, SharedBaseAddress: 0x0000022620000000, ArchiveRelocationMode: 1.
Compressed class space mapped at: 0x0000022621000000-0x0000022661000000, reserved size: 1073741824
Narrow klass base: 0x0000022620000000, Narrow klass shift: 0, Narrow klass range: 0x100000000

GC Precious Log:
 CardTable entry size: 512
 Card Set container configuration: InlinePtr #cards 4 size 8 Array Of Cards #cards 16 size 48 Howl #buckets 8 coarsen threshold 3686 Howl Bitmap #cards 512 size 80 coarsen threshold 460 Card regions per heap region 1 cards per card region 4096
 CPUs: 12 total, 12 available
 Memory: 16224M
 Large Page Support: Disabled
 NUMA Support: Disabled
 Compressed Oops: Enabled (Zero based)
 Heap Region Size: 2M
 Heap Min Capacity: 8M
 Heap Initial Capacity: 254M
 Heap Max Capacity: 4058M
 Pre-touch: Disabled
 Parallel Workers: 10
 Concurrent Workers: 3
 Concurrent Refinement Workers: 10
 Periodic GC: Disabled

Heap:
 garbage-first heap   total 260096K, used 4096K [0x0000000702600000, 0x0000000800000000)
  region size 2048K, 3 young (6144K), 0 survivors (0K)
 Metaspace       used 3183K, committed 3328K, reserved 1114112K
  class space    used 306K, committed 384K, reserved 1048576K

Heap Regions: E=young(eden), S=young(survivor), O=old, HS=humongous(starts), HC=humongous(continues), CS=collection set, F=free, TAMS=top-at-mark-start, PB=parsable bottom
|   0|0x0000000702600000, 0x0000000702600000, 0x0000000702800000|  0%| F|  |TAMS 0x0000000702600000| PB 0x0000000702600000| Untracked 
|   1|0x0000000702800000, 0x0000000702800000, 0x0000000702a00000|  0%| F|  |TAMS 0x0000000702800000| PB 0x0000000702800000| Untracked 
|   2|0x0000000702a00000, 0x0000000702a00000, 0x0000000702c00000|  0%| F|  |TAMS 0x0000000702a00000| PB 0x0000000702a00000| Untracked 
|   3|0x0000000702c00000, 0x0000000702c00000, 0x0000000702e00000|  0%| F|  |TAMS 0x0000000702c00000| PB 0x0000000702c00000| Untracked 
|   4|0x0000000702e00000, 0x0000000702e00000, 0x0000000703000000|  0%| F|  |TAMS 0x0000000702e00000| PB 0x0000000702e00000| Untracked 
|   5|0x0000000703000000, 0x0000000703000000, 0x0000000703200000|  0%| F|  |TAMS 0x0000000703000000| PB 0x0000000703000000| Untracked 
|   6|0x0000000703200000, 0x0000000703200000, 0x0000000703400000|  0%| F|  |TAMS 0x0000000703200000| PB 0x0000000703200000| Untracked 
|   7|0x0000000703400000, 0x0000000703400000, 0x0000000703600000|  0%| F|  |TAMS 0x0000000703400000| PB 0x0000000703400000| Untracked 
|   8|0x0000000703600000, 0x0000000703600000, 0x0000000703800000|  0%| F|  |TAMS 0x0000000703600000| PB 0x0000000703600000| Untracked 
|   9|0x0000000703800000, 0x0000000703800000, 0x0000000703a00000|  0%| F|  |TAMS 0x0000000703800000| PB 0x0000000703800000| Untracked 
|  10|0x0000000703a00000, 0x0000000703a00000, 0x0000000703c00000|  0%| F|  |TAMS 0x0000000703a00000| PB 0x0000000703a00000| Untracked 
|  11|0x0000000703c00000, 0x0000000703c00000, 0x0000000703e00000|  0%| F|  |TAMS 0x0000000703c00000| PB 0x0000000703c00000| Untracked 
|  12|0x0000000703e00000, 0x0000000703e00000, 0x0000000704000000|  0%| F|  |TAMS 0x0000000703e00000| PB 0x0000000703e00000| Untracked 
|  13|0x0000000704000000, 0x0000000704000000, 0x0000000704200000|  0%| F|  |TAMS 0x0000000704000000| PB 0x0000000704000000| Untracked 
|  14|0x0000000704200000, 0x0000000704200000, 0x0000000704400000|  0%| F|  |TAMS 0x0000000704200000| PB 0x0000000704200000| Untracked 
|  15|0x0000000704400000, 0x0000000704400000, 0x0000000704600000|  0%| F|  |TAMS 0x0000000704400000| PB 0x0000000704400000| Untracked 
|  16|0x0000000704600000, 0x0000000704600000, 0x0000000704800000|  0%| F|  |TAMS 0x0000000704600000| PB 0x0000000704600000| Untracked 
|  17|0x0000000704800000, 0x0000000704800000, 0x0000000704a00000|  0%| F|  |TAMS 0x0000000704800000| PB 0x0000000704800000| Untracked 
|  18|0x0000000704a00000, 0x0000000704a00000, 0x0000000704c00000|  0%| F|  |TAMS 0x0000000704a00000| PB 0x0000000704a00000| Untracked 
|  19|0x0000000704c00000, 0x0000000704c00000, 0x0000000704e00000|  0%| F|  |TAMS 0x0000000704c00000| PB 0x0000000704c00000| Untracked 
|  20|0x0000000704e00000, 0x0000000704e00000, 0x0000000705000000|  0%| F|  |TAMS 0x0000000704e00000| PB 0x0000000704e00000| Untracked 
|  21|0x0000000705000000, 0x0000000705000000, 0x0000000705200000|  0%| F|  |TAMS 0x0000000705000000| PB 0x0000000705000000| Untracked 
|  22|0x0000000705200000, 0x0000000705200000, 0x0000000705400000|  0%| F|  |TAMS 0x0000000705200000| PB 0x0000000705200000| Untracked 
|  23|0x0000000705400000, 0x0000000705400000, 0x0000000705600000|  0%| F|  |TAMS 0x0000000705400000| PB 0x0000000705400000| Untracked 
|  24|0x0000000705600000, 0x0000000705600000, 0x0000000705800000|  0%| F|  |TAMS 0x0000000705600000| PB 0x0000000705600000| Untracked 
|  25|0x0000000705800000, 0x0000000705800000, 0x0000000705a00000|  0%| F|  |TAMS 0x0000000705800000| PB 0x0000000705800000| Untracked 
|  26|0x0000000705a00000, 0x0000000705a00000, 0x0000000705c00000|  0%| F|  |TAMS 0x0000000705a00000| PB 0x0000000705a00000| Untracked 
|  27|0x0000000705c00000, 0x0000000705c00000, 0x0000000705e00000|  0%| F|  |TAMS 0x0000000705c00000| PB 0x0000000705c00000| Untracked 
|  28|0x0000000705e00000, 0x0000000705e00000, 0x0000000706000000|  0%| F|  |TAMS 0x0000000705e00000| PB 0x0000000705e00000| Untracked 
|  29|0x0000000706000000, 0x0000000706000000, 0x0000000706200000|  0%| F|  |TAMS 0x0000000706000000| PB 0x0000000706000000| Untracked 
|  30|0x0000000706200000, 0x0000000706200000, 0x0000000706400000|  0%| F|  |TAMS 0x0000000706200000| PB 0x0000000706200000| Untracked 
|  31|0x0000000706400000, 0x0000000706400000, 0x0000000706600000|  0%| F|  |TAMS 0x0000000706400000| PB 0x0000000706400000| Untracked 
|  32|0x0000000706600000, 0x0000000706600000, 0x0000000706800000|  0%| F|  |TAMS 0x0000000706600000| PB 0x0000000706600000| Untracked 
|  33|0x0000000706800000, 0x0000000706800000, 0x0000000706a00000|  0%| F|  |TAMS 0x0000000706800000| PB 0x0000000706800000| Untracked 
|  34|0x0000000706a00000, 0x0000000706a00000, 0x0000000706c00000|  0%| F|  |TAMS 0x0000000706a00000| PB 0x0000000706a00000| Untracked 
|  35|0x0000000706c00000, 0x0000000706c00000, 0x0000000706e00000|  0%| F|  |TAMS 0x0000000706c00000| PB 0x0000000706c00000| Untracked 
|  36|0x0000000706e00000, 0x0000000706e00000, 0x0000000707000000|  0%| F|  |TAMS 0x0000000706e00000| PB 0x0000000706e00000| Untracked 
|  37|0x0000000707000000, 0x0000000707000000, 0x0000000707200000|  0%| F|  |TAMS 0x0000000707000000| PB 0x0000000707000000| Untracked 
|  38|0x0000000707200000, 0x0000000707200000, 0x0000000707400000|  0%| F|  |TAMS 0x0000000707200000| PB 0x0000000707200000| Untracked 
|  39|0x0000000707400000, 0x0000000707400000, 0x0000000707600000|  0%| F|  |TAMS 0x0000000707400000| PB 0x0000000707400000| Untracked 
|  40|0x0000000707600000, 0x0000000707600000, 0x0000000707800000|  0%| F|  |TAMS 0x0000000707600000| PB 0x0000000707600000| Untracked 
|  41|0x0000000707800000, 0x0000000707800000, 0x0000000707a00000|  0%| F|  |TAMS 0x0000000707800000| PB 0x0000000707800000| Untracked 
|  42|0x0000000707a00000, 0x0000000707a00000, 0x0000000707c00000|  0%| F|  |TAMS 0x0000000707a00000| PB 0x0000000707a00000| Untracked 
|  43|0x0000000707c00000, 0x0000000707c00000, 0x0000000707e00000|  0%| F|  |TAMS 0x0000000707c00000| PB 0x0000000707c00000| Untracked 
|  44|0x0000000707e00000, 0x0000000707e00000, 0x0000000708000000|  0%| F|  |TAMS 0x0000000707e00000| PB 0x0000000707e00000| Untracked 
|  45|0x0000000708000000, 0x0000000708000000, 0x0000000708200000|  0%| F|  |TAMS 0x0000000708000000| PB 0x0000000708000000| Untracked 
|  46|0x0000000708200000, 0x0000000708200000, 0x0000000708400000|  0%| F|  |TAMS 0x0000000708200000| PB 0x0000000708200000| Untracked 
|  47|0x0000000708400000, 0x0000000708400000, 0x0000000708600000|  0%| F|  |TAMS 0x0000000708400000| PB 0x0000000708400000| Untracked 
|  48|0x0000000708600000, 0x0000000708600000, 0x0000000708800000|  0%| F|  |TAMS 0x0000000708600000| PB 0x0000000708600000| Untracked 
|  49|0x0000000708800000, 0x0000000708800000, 0x0000000708a00000|  0%| F|  |TAMS 0x0000000708800000| PB 0x0000000708800000| Untracked 
|  50|0x0000000708a00000, 0x0000000708a00000, 0x0000000708c00000|  0%| F|  |TAMS 0x0000000708a00000| PB 0x0000000708a00000| Untracked 
|  51|0x0000000708c00000, 0x0000000708c00000, 0x0000000708e00000|  0%| F|  |TAMS 0x0000000708c00000| PB 0x0000000708c00000| Untracked 
|  52|0x0000000708e00000, 0x0000000708e00000, 0x0000000709000000|  0%| F|  |TAMS 0x0000000708e00000| PB 0x0000000708e00000| Untracked 
|  53|0x0000000709000000, 0x0000000709000000, 0x0000000709200000|  0%| F|  |TAMS 0x0000000709000000| PB 0x0000000709000000| Untracked 
|  54|0x0000000709200000, 0x0000000709200000, 0x0000000709400000|  0%| F|  |TAMS 0x0000000709200000| PB 0x0000000709200000| Untracked 
|  55|0x0000000709400000, 0x0000000709400000, 0x0000000709600000|  0%| F|  |TAMS 0x0000000709400000| PB 0x0000000709400000| Untracked 
|  56|0x0000000709600000, 0x0000000709600000, 0x0000000709800000|  0%| F|  |TAMS 0x0000000709600000| PB 0x0000000709600000| Untracked 
|  57|0x0000000709800000, 0x0000000709800000, 0x0000000709a00000|  0%| F|  |TAMS 0x0000000709800000| PB 0x0000000709800000| Untracked 
|  58|0x0000000709a00000, 0x0000000709a00000, 0x0000000709c00000|  0%| F|  |TAMS 0x0000000709a00000| PB 0x0000000709a00000| Untracked 
|  59|0x0000000709c00000, 0x0000000709c00000, 0x0000000709e00000|  0%| F|  |TAMS 0x0000000709c00000| PB 0x0000000709c00000| Untracked 
|  60|0x0000000709e00000, 0x0000000709e00000, 0x000000070a000000|  0%| F|  |TAMS 0x0000000709e00000| PB 0x0000000709e00000| Untracked 
|  61|0x000000070a000000, 0x000000070a000000, 0x000000070a200000|  0%| F|  |TAMS 0x000000070a000000| PB 0x000000070a000000| Untracked 
|  62|0x000000070a200000, 0x000000070a200000, 0x000000070a400000|  0%| F|  |TAMS 0x000000070a200000| PB 0x000000070a200000| Untracked 
|  63|0x000000070a400000, 0x000000070a400000, 0x000000070a600000|  0%| F|  |TAMS 0x000000070a400000| PB 0x000000070a400000| Untracked 
|  64|0x000000070a600000, 0x000000070a600000, 0x000000070a800000|  0%| F|  |TAMS 0x000000070a600000| PB 0x000000070a600000| Untracked 
|  65|0x000000070a800000, 0x000000070a800000, 0x000000070aa00000|  0%| F|  |TAMS 0x000000070a800000| PB 0x000000070a800000| Untracked 
|  66|0x000000070aa00000, 0x000000070aa00000, 0x000000070ac00000|  0%| F|  |TAMS 0x000000070aa00000| PB 0x000000070aa00000| Untracked 
|  67|0x000000070ac00000, 0x000000070ac00000, 0x000000070ae00000|  0%| F|  |TAMS 0x000000070ac00000| PB 0x000000070ac00000| Untracked 
|  68|0x000000070ae00000, 0x000000070ae00000, 0x000000070b000000|  0%| F|  |TAMS 0x000000070ae00000| PB 0x000000070ae00000| Untracked 
|  69|0x000000070b000000, 0x000000070b000000, 0x000000070b200000|  0%| F|  |TAMS 0x000000070b000000| PB 0x000000070b000000| Untracked 
|  70|0x000000070b200000, 0x000000070b200000, 0x000000070b400000|  0%| F|  |TAMS 0x000000070b200000| PB 0x000000070b200000| Untracked 
|  71|0x000000070b400000, 0x000000070b400000, 0x000000070b600000|  0%| F|  |TAMS 0x000000070b400000| PB 0x000000070b400000| Untracked 
|  72|0x000000070b600000, 0x000000070b600000, 0x000000070b800000|  0%| F|  |TAMS 0x000000070b600000| PB 0x000000070b600000| Untracked 
|  73|0x000000070b800000, 0x000000070b800000, 0x000000070ba00000|  0%| F|  |TAMS 0x000000070b800000| PB 0x000000070b800000| Untracked 
|  74|0x000000070ba00000, 0x000000070ba00000, 0x000000070bc00000|  0%| F|  |TAMS 0x000000070ba00000| PB 0x000000070ba00000| Untracked 
|  75|0x000000070bc00000, 0x000000070bc00000, 0x000000070be00000|  0%| F|  |TAMS 0x000000070bc00000| PB 0x000000070bc00000| Untracked 
|  76|0x000000070be00000, 0x000000070be00000, 0x000000070c000000|  0%| F|  |TAMS 0x000000070be00000| PB 0x000000070be00000| Untracked 
|  77|0x000000070c000000, 0x000000070c000000, 0x000000070c200000|  0%| F|  |TAMS 0x000000070c000000| PB 0x000000070c000000| Untracked 
|  78|0x000000070c200000, 0x000000070c200000, 0x000000070c400000|  0%| F|  |TAMS 0x000000070c200000| PB 0x000000070c200000| Untracked 
|  79|0x000000070c400000, 0x000000070c400000, 0x000000070c600000|  0%| F|  |TAMS 0x000000070c400000| PB 0x000000070c400000| Untracked 
|  80|0x000000070c600000, 0x000000070c600000, 0x000000070c800000|  0%| F|  |TAMS 0x000000070c600000| PB 0x000000070c600000| Untracked 
|  81|0x000000070c800000, 0x000000070c800000, 0x000000070ca00000|  0%| F|  |TAMS 0x000000070c800000| PB 0x000000070c800000| Untracked 
|  82|0x000000070ca00000, 0x000000070ca00000, 0x000000070cc00000|  0%| F|  |TAMS 0x000000070ca00000| PB 0x000000070ca00000| Untracked 
|  83|0x000000070cc00000, 0x000000070cc00000, 0x000000070ce00000|  0%| F|  |TAMS 0x000000070cc00000| PB 0x000000070cc00000| Untracked 
|  84|0x000000070ce00000, 0x000000070ce00000, 0x000000070d000000|  0%| F|  |TAMS 0x000000070ce00000| PB 0x000000070ce00000| Untracked 
|  85|0x000000070d000000, 0x000000070d000000, 0x000000070d200000|  0%| F|  |TAMS 0x000000070d000000| PB 0x000000070d000000| Untracked 
|  86|0x000000070d200000, 0x000000070d200000, 0x000000070d400000|  0%| F|  |TAMS 0x000000070d200000| PB 0x000000070d200000| Untracked 
|  87|0x000000070d400000, 0x000000070d400000, 0x000000070d600000|  0%| F|  |TAMS 0x000000070d400000| PB 0x000000070d400000| Untracked 
|  88|0x000000070d600000, 0x000000070d600000, 0x000000070d800000|  0%| F|  |TAMS 0x000000070d600000| PB 0x000000070d600000| Untracked 
|  89|0x000000070d800000, 0x000000070d800000, 0x000000070da00000|  0%| F|  |TAMS 0x000000070d800000| PB 0x000000070d800000| Untracked 
|  90|0x000000070da00000, 0x000000070da00000, 0x000000070dc00000|  0%| F|  |TAMS 0x000000070da00000| PB 0x000000070da00000| Untracked 
|  91|0x000000070dc00000, 0x000000070dc00000, 0x000000070de00000|  0%| F|  |TAMS 0x000000070dc00000| PB 0x000000070dc00000| Untracked 
|  92|0x000000070de00000, 0x000000070de00000, 0x000000070e000000|  0%| F|  |TAMS 0x000000070de00000| PB 0x000000070de00000| Untracked 
|  93|0x000000070e000000, 0x000000070e000000, 0x000000070e200000|  0%| F|  |TAMS 0x000000070e000000| PB 0x000000070e000000| Untracked 
|  94|0x000000070e200000, 0x000000070e200000, 0x000000070e400000|  0%| F|  |TAMS 0x000000070e200000| PB 0x000000070e200000| Untracked 
|  95|0x000000070e400000, 0x000000070e400000, 0x000000070e600000|  0%| F|  |TAMS 0x000000070e400000| PB 0x000000070e400000| Untracked 
|  96|0x000000070e600000, 0x000000070e600000, 0x000000070e800000|  0%| F|  |TAMS 0x000000070e600000| PB 0x000000070e600000| Untracked 
|  97|0x000000070e800000, 0x000000070e800000, 0x000000070ea00000|  0%| F|  |TAMS 0x000000070e800000| PB 0x000000070e800000| Untracked 
|  98|0x000000070ea00000, 0x000000070ea00000, 0x000000070ec00000|  0%| F|  |TAMS 0x000000070ea00000| PB 0x000000070ea00000| Untracked 
|  99|0x000000070ec00000, 0x000000070ec00000, 0x000000070ee00000|  0%| F|  |TAMS 0x000000070ec00000| PB 0x000000070ec00000| Untracked 
| 100|0x000000070ee00000, 0x000000070ee00000, 0x000000070f000000|  0%| F|  |TAMS 0x000000070ee00000| PB 0x000000070ee00000| Untracked 
| 101|0x000000070f000000, 0x000000070f000000, 0x000000070f200000|  0%| F|  |TAMS 0x000000070f000000| PB 0x000000070f000000| Untracked 
| 102|0x000000070f200000, 0x000000070f200000, 0x000000070f400000|  0%| F|  |TAMS 0x000000070f200000| PB 0x000000070f200000| Untracked 
| 103|0x000000070f400000, 0x000000070f400000, 0x000000070f600000|  0%| F|  |TAMS 0x000000070f400000| PB 0x000000070f400000| Untracked 
| 104|0x000000070f600000, 0x000000070f600000, 0x000000070f800000|  0%| F|  |TAMS 0x000000070f600000| PB 0x000000070f600000| Untracked 
| 105|0x000000070f800000, 0x000000070f800000, 0x000000070fa00000|  0%| F|  |TAMS 0x000000070f800000| PB 0x000000070f800000| Untracked 
| 106|0x000000070fa00000, 0x000000070fa00000, 0x000000070fc00000|  0%| F|  |TAMS 0x000000070fa00000| PB 0x000000070fa00000| Untracked 
| 107|0x000000070fc00000, 0x000000070fc00000, 0x000000070fe00000|  0%| F|  |TAMS 0x000000070fc00000| PB 0x000000070fc00000| Untracked 
| 108|0x000000070fe00000, 0x000000070fe00000, 0x0000000710000000|  0%| F|  |TAMS 0x000000070fe00000| PB 0x000000070fe00000| Untracked 
| 109|0x0000000710000000, 0x0000000710000000, 0x0000000710200000|  0%| F|  |TAMS 0x0000000710000000| PB 0x0000000710000000| Untracked 
| 110|0x0000000710200000, 0x0000000710200000, 0x0000000710400000|  0%| F|  |TAMS 0x0000000710200000| PB 0x0000000710200000| Untracked 
| 111|0x0000000710400000, 0x0000000710400000, 0x0000000710600000|  0%| F|  |TAMS 0x0000000710400000| PB 0x0000000710400000| Untracked 
| 112|0x0000000710600000, 0x0000000710600000, 0x0000000710800000|  0%| F|  |TAMS 0x0000000710600000| PB 0x0000000710600000| Untracked 
| 113|0x0000000710800000, 0x0000000710800000, 0x0000000710a00000|  0%| F|  |TAMS 0x0000000710800000| PB 0x0000000710800000| Untracked 
| 114|0x0000000710a00000, 0x0000000710a00000, 0x0000000710c00000|  0%| F|  |TAMS 0x0000000710a00000| PB 0x0000000710a00000| Untracked 
| 115|0x0000000710c00000, 0x0000000710c00000, 0x0000000710e00000|  0%| F|  |TAMS 0x0000000710c00000| PB 0x0000000710c00000| Untracked 
| 116|0x0000000710e00000, 0x0000000710e00000, 0x0000000711000000|  0%| F|  |TAMS 0x0000000710e00000| PB 0x0000000710e00000| Untracked 
| 117|0x0000000711000000, 0x0000000711000000, 0x0000000711200000|  0%| F|  |TAMS 0x0000000711000000| PB 0x0000000711000000| Untracked 
| 118|0x0000000711200000, 0x0000000711200000, 0x0000000711400000|  0%| F|  |TAMS 0x0000000711200000| PB 0x0000000711200000| Untracked 
| 119|0x0000000711400000, 0x0000000711400000, 0x0000000711600000|  0%| F|  |TAMS 0x0000000711400000| PB 0x0000000711400000| Untracked 
| 120|0x0000000711600000, 0x0000000711600000, 0x0000000711800000|  0%| F|  |TAMS 0x0000000711600000| PB 0x0000000711600000| Untracked 
| 121|0x0000000711800000, 0x0000000711800000, 0x0000000711a00000|  0%| F|  |TAMS 0x0000000711800000| PB 0x0000000711800000| Untracked 
| 122|0x0000000711a00000, 0x0000000711a00000, 0x0000000711c00000|  0%| F|  |TAMS 0x0000000711a00000| PB 0x0000000711a00000| Untracked 
| 123|0x0000000711c00000, 0x0000000711c00000, 0x0000000711e00000|  0%| F|  |TAMS 0x0000000711c00000| PB 0x0000000711c00000| Untracked 
| 124|0x0000000711e00000, 0x0000000711e71648, 0x0000000712000000| 22%| E|  |TAMS 0x0000000711e00000| PB 0x0000000711e00000| Complete 
| 125|0x0000000712000000, 0x0000000712200000, 0x0000000712200000|100%| E|CS|TAMS 0x0000000712000000| PB 0x0000000712000000| Complete 
| 126|0x0000000712200000, 0x0000000712400000, 0x0000000712400000|100%| E|CS|TAMS 0x0000000712200000| PB 0x0000000712200000| Complete 

Card table byte_map: [0x0000022618f90000,0x0000022619780000] _byte_map_base: 0x000002261577d000

Marking Bits: (CMBitMap*) 0x000002267f55e9a0
 Bits: [0x0000022619780000, 0x000002261d6e8000)

Polling page: 0x000002267ecc0000

Metaspace:

Usage:
  Non-class:      2.81 MB used.
      Class:    306.16 KB used.
       Both:      3.11 MB used.

Virtual space:
  Non-class space:       64.00 MB reserved,       2.88 MB (  4%) committed,  1 nodes.
      Class space:        1.00 GB reserved,     384.00 KB ( <1%) committed,  1 nodes.
             Both:        1.06 GB reserved,       3.25 MB ( <1%) committed. 

Chunk freelists:
   Non-Class:  11.91 MB
       Class:  15.57 MB
        Both:  27.48 MB

MaxMetaspaceSize: unlimited
CompressedClassSpaceSize: 1.00 GB
Initial GC threshold: 21.00 MB
Current GC threshold: 21.00 MB
CDS: on
 - commit_granule_bytes: 65536.
 - commit_granule_words: 8192.
 - virtual_space_node_default_size: 8388608.
 - enlarge_chunks_in_place: 1.
 - use_allocation_guard: 0.


Internal statistics:

num_allocs_failed_limit: 0.
num_arena_births: 92.
num_arena_deaths: 0.
num_vsnodes_births: 2.
num_vsnodes_deaths: 0.
num_space_committed: 52.
num_space_uncommitted: 0.
num_chunks_returned_to_freelist: 0.
num_chunks_taken_from_freelist: 110.
num_chunk_merges: 0.
num_chunk_splits: 67.
num_chunks_enlarged: 25.
num_inconsistent_stats: 0.

CodeHeap 'non-profiled nmethods': size=120000Kb used=103Kb max_used=103Kb free=119896Kb
 bounds [0x0000022611270000, 0x00000226114e0000, 0x00000226187a0000]
CodeHeap 'profiled nmethods': size=120000Kb used=394Kb max_used=394Kb free=119605Kb
 bounds [0x00000226097a0000, 0x0000022609a10000, 0x0000022610cd0000]
CodeHeap 'non-nmethods': size=5760Kb used=1373Kb max_used=1387Kb free=4386Kb
 bounds [0x0000022610cd0000, 0x0000022610f40000, 0x0000022611270000]
 total_blobs=780 nmethods=305 adapters=380
 compilation: enabled
              stopped_count=0, restarted_count=0
 full_count=0

Compilation events (20 events):
Event: 0.145 Thread 0x000002261ff20480  297       3       java.lang.invoke.MemberName::getMethodOrFieldType (72 bytes)
Event: 0.145 Thread 0x000002261ff20480 nmethod 297 0x00000226097fd710 code [0x00000226097fda60, 0x00000226097fe878]
Event: 0.145 Thread 0x000002261ff20480  294       3       java.lang.invoke.MethodHandle::<init> (37 bytes)
Event: 0.145 Thread 0x000002261ff20480 nmethod 294 0x00000226097fed90 code [0x00000226097fefa0, 0x00000226097ff540]
Event: 0.145 Thread 0x000002261ff20480  296       3       java.lang.invoke.MethodType$ConcurrentWeakInternSet::add (66 bytes)
Event: 0.146 Thread 0x000002261ff20480 nmethod 296 0x00000226097ff790 code [0x00000226097ffa00, 0x0000022609800680]
Event: 0.147 Thread 0x000002261ff1dc90  299       4       java.lang.invoke.MethodType::parameterType (7 bytes)
Event: 0.147 Thread 0x000002261ff20480  300       3       java.lang.invoke.LambdaForm::forceInterpretation (14 bytes)
Event: 0.147 Thread 0x000002261ff20480 nmethod 300 0x0000022609800a10 code [0x0000022609800ba0, 0x0000022609800d10]
Event: 0.148 Thread 0x000002261ff1dc90 nmethod 299 0x0000022611289710 code [0x00000226112898a0, 0x0000022611289978]
Event: 0.155 Thread 0x000002261ff20480  301       3       java.util.concurrent.ConcurrentHashMap$Traverser::advance (188 bytes)
Event: 0.156 Thread 0x000002261ff20480 nmethod 301 0x0000022609800d90 code [0x0000022609800fe0, 0x0000022609801c10]
Event: 0.156 Thread 0x000002261ff1dc90  302       4       java.lang.String::coder (15 bytes)
Event: 0.157 Thread 0x000002261ff1dc90 nmethod 302 0x0000022611289a10 code [0x0000022611289ba0, 0x0000022611289c30]
Event: 0.157 Thread 0x000002261ff20480  303       3       java.util.ImmutableCollections$ListN::size (6 bytes)
Event: 0.158 Thread 0x000002261ff20480 nmethod 303 0x0000022609801e90 code [0x0000022609802020, 0x0000022609802138]
Event: 0.158 Thread 0x000002261ff20480  304       3       java.lang.invoke.DirectMethodHandle::internalMemberName (8 bytes)
Event: 0.158 Thread 0x000002261ff20480 nmethod 304 0x0000022609802210 code [0x00000226098023c0, 0x00000226098025b0]
Event: 0.158 Thread 0x000002261ff20480  305       3       java.lang.String::toString (2 bytes)
Event: 0.158 Thread 0x000002261ff20480 nmethod 305 0x0000022609802690 code [0x0000022609802820, 0x0000022609802930]

GC Heap History (0 events):
No events

Dll operation events (4 events):
Event: 0.007 Loaded shared library C:\Program Files\Java\jdk-21\bin\java.dll
Event: 0.035 Loaded shared library C:\Program Files\Java\jdk-21\bin\jsvml.dll
Event: 0.061 Loaded shared library C:\Program Files\Java\jdk-21\bin\jimage.dll
Event: 0.080 Loaded shared library C:\Program Files\Java\jdk-21\bin\awt.dll

Deoptimization events (0 events):
No events

Classes loaded (20 events):
Event: 0.154 Loading class java/util/concurrent/locks/ReentrantReadWriteLock$WriteLock done
Event: 0.155 Loading class java/awt/Color
Event: 0.155 Loading class java/awt/Paint
Event: 0.155 Loading class java/awt/Paint done
Event: 0.155 Loading class java/awt/Color done
Event: 0.156 Loading class sun/awt/windows/WDesktopProperties$WinPlaySound
Event: 0.156 Loading class sun/awt/windows/WDesktopProperties$WinPlaySound done
Event: 0.157 Loading class java/awt/RenderingHints
Event: 0.157 Loading class java/awt/RenderingHints done
Event: 0.157 Loading class sun/awt/SunHints
Event: 0.157 Loading class sun/awt/SunHints done
Event: 0.157 Loading class sun/awt/SunHints$Key
Event: 0.157 Loading class java/awt/RenderingHints$Key
Event: 0.157 Loading class java/awt/RenderingHints$Key done
Event: 0.157 Loading class sun/awt/SunHints$Key done
Event: 0.158 Loading class sun/awt/SunHints$Value
Event: 0.158 Loading class sun/awt/SunHints$Value done
Event: 0.158 Loading class sun/awt/SunHints$LCDContrastKey
Event: 0.158 Loading class sun/awt/SunHints$LCDContrastKey done
Event: 0.158 Loading class java/util/ComparableTimSort

Classes unloaded (0 events):
No events

Classes redefined (0 events):
No events

Internal exceptions (3 events):
Event: 0.069 Thread 0x000002267e68ad90 Exception <a 'java/lang/ClassNotFoundException'{0x0000000712084850}: sun/awt/resources/spi/awtProvider> (0x0000000712084850) 
thrown [s\open\src\hotspot\share\classfile\systemDictionary.cpp, line 312]
Event: 0.089 Thread 0x000002267e68ad90 Exception <a 'java/io/FileNotFoundException'{0x00000007120de270}> (0x00000007120de270) 
thrown [s\open\src\hotspot\share\prims\jni.cpp, line 520]
Event: 0.093 Thread 0x000002267e68ad90 Exception <a 'java/io/FileNotFoundException'{0x00000007121084c0}> (0x00000007121084c0) 
thrown [s\open\src\hotspot\share\prims\jni.cpp, line 520]

ZGC Phase Switch (0 events):
No events

VM Operations (0 events):
No events

Events (14 events):
Event: 0.020 Thread 0x000002267e68ad90 Thread added: 0x000002267e68ad90
Event: 0.032 Thread 0x000002261ff03900 Thread added: 0x000002261ff03900
Event: 0.032 Thread 0x000002261ff049d0 Thread added: 0x000002261ff049d0
Event: 0.032 Thread 0x000002261ff07350 Thread added: 0x000002261ff07350
Event: 0.032 Thread 0x000002261ff07fb0 Thread added: 0x000002261ff07fb0
Event: 0.032 Thread 0x000002261ff0c2a0 Thread added: 0x000002261ff0c2a0
Event: 0.033 Thread 0x000002261ff0cd00 Thread added: 0x000002261ff0cd00
Event: 0.033 Thread 0x000002261ff1dc90 Thread added: 0x000002261ff1dc90
Event: 0.033 Thread 0x000002261ff20480 Thread added: 0x000002261ff20480
Event: 0.046 Thread 0x000002266525fd20 Thread added: 0x000002266525fd20
Event: 0.048 Thread 0x0000022665260a40 Thread added: 0x0000022665260a40
Event: 0.132 Thread 0x00000226652610d0 Thread added: 0x00000226652610d0
Event: 0.133 Thread 0x00000226652603b0 Thread added: 0x00000226652603b0
Event: 0.134 Thread 0x000002266541fba0 Thread added: 0x000002266541fba0


Dynamic libraries:
0x00007ff7652a0000 - 0x00007ff7652b0000 	C:\Program Files\Java\jdk-21\bin\javaw.exe
0x00007ffe77df0000 - 0x00007ffe78007000 	C:\Windows\SYSTEM32\ntdll.dll
0x00007ffe76b80000 - 0x00007ffe76c44000 	C:\Windows\System32\KERNEL32.DLL
0x00007ffe75350000 - 0x00007ffe756f6000 	C:\Windows\System32\KERNELBASE.dll
0x00007ffe757c0000 - 0x00007ffe758d1000 	C:\Windows\System32\ucrtbase.dll
0x00007ffe6e200000 - 0x00007ffe6e219000 	C:\Program Files\Java\jdk-21\bin\jli.dll
0x00007ffe6e190000 - 0x00007ffe6e1ab000 	C:\Program Files\Java\jdk-21\bin\VCRUNTIME140.dll
0x00007ffe77700000 - 0x00007ffe777b3000 	C:\Windows\System32\ADVAPI32.dll
0x00007ffe77d00000 - 0x00007ffe77da7000 	C:\Windows\System32\msvcrt.dll
0x00007ffe772c0000 - 0x00007ffe77368000 	C:\Windows\System32\sechost.dll
0x00007ffe751d0000 - 0x00007ffe751f8000 	C:\Windows\System32\bcrypt.dll
0x00007ffe769e0000 - 0x00007ffe76af7000 	C:\Windows\System32\RPCRT4.dll
0x00007ffe77540000 - 0x00007ffe776ee000 	C:\Windows\System32\USER32.dll
0x00007ffe75320000 - 0x00007ffe75346000 	C:\Windows\System32\win32u.dll
0x00007ffe58010000 - 0x00007ffe582a3000 	C:\Windows\WinSxS\amd64_microsoft.windows.common-controls_6595b64144ccf1df_6.0.22621.2506_none_270c5ae97388e100\COMCTL32.dll
0x00007ffe75b40000 - 0x00007ffe75b69000 	C:\Windows\System32\GDI32.dll
0x00007ffe75200000 - 0x00007ffe75318000 	C:\Windows\System32\gdi32full.dll
0x00007ffe75130000 - 0x00007ffe751ca000 	C:\Windows\System32\msvcp_win.dll
0x00007ffe6bc30000 - 0x00007ffe6bc3a000 	C:\Windows\SYSTEM32\VERSION.dll
0x00007ffe778c0000 - 0x00007ffe778f1000 	C:\Windows\System32\IMM32.DLL
0x00007ffe70220000 - 0x00007ffe7022c000 	C:\Program Files\Java\jdk-21\bin\vcruntime140_1.dll
0x00007ffe5b5b0000 - 0x00007ffe5b63e000 	C:\Program Files\Java\jdk-21\bin\msvcp140.dll
0x00007ffdf7380000 - 0x00007ffdf8093000 	C:\Program Files\Java\jdk-21\bin\server\jvm.dll
0x00007ffe76010000 - 0x00007ffe76081000 	C:\Windows\System32\WS2_32.dll
0x00007ffe74a50000 - 0x00007ffe74a9d000 	C:\Windows\SYSTEM32\POWRPROF.dll
0x00007ffe6d750000 - 0x00007ffe6d784000 	C:\Windows\SYSTEM32\WINMM.dll
0x00007ffe74a30000 - 0x00007ffe74a43000 	C:\Windows\SYSTEM32\UMPDC.dll
0x00007ffe740c0000 - 0x00007ffe740d8000 	C:\Windows\SYSTEM32\kernel.appcore.dll
0x00007ffe6e180000 - 0x00007ffe6e18a000 	C:\Program Files\Java\jdk-21\bin\jimage.dll
0x00007ffe72a00000 - 0x00007ffe72c33000 	C:\Windows\SYSTEM32\DBGHELP.DLL
0x00007ffe77970000 - 0x00007ffe77cf9000 	C:\Windows\System32\combase.dll
0x00007ffe768f0000 - 0x00007ffe769c7000 	C:\Windows\System32\OLEAUT32.dll
0x00007ffe534c0000 - 0x00007ffe534f2000 	C:\Windows\SYSTEM32\dbgcore.DLL
0x00007ffe75ac0000 - 0x00007ffe75b3a000 	C:\Windows\System32\bcryptPrimitives.dll
0x00007ffe6cf10000 - 0x00007ffe6cf2f000 	C:\Program Files\Java\jdk-21\bin\java.dll
0x00007ffe76090000 - 0x00007ffe768ea000 	C:\Windows\System32\SHELL32.dll
0x00007ffe73030000 - 0x00007ffe73926000 	C:\Windows\SYSTEM32\windows.storage.dll
0x00007ffe72ef0000 - 0x00007ffe7302e000 	C:\Windows\SYSTEM32\wintypes.dll
0x00007ffe777c0000 - 0x00007ffe778b3000 	C:\Windows\System32\SHCORE.dll
0x00007ffe76b10000 - 0x00007ffe76b6e000 	C:\Windows\System32\shlwapi.dll
0x00007ffe75060000 - 0x00007ffe75086000 	C:\Windows\SYSTEM32\profapi.dll
0x00007ffe58c50000 - 0x00007ffe58d27000 	C:\Program Files\Java\jdk-21\bin\jsvml.dll
0x00007ffe36590000 - 0x00007ffe3671f000 	C:\Program Files\Java\jdk-21\bin\awt.dll
0x00007ffe720a0000 - 0x00007ffe72137000 	C:\Windows\SYSTEM32\apphelp.dll
0x00007ffe725b0000 - 0x00007ffe725db000 	C:\Windows\system32\DWMAPI.DLL
0x00007ffe72270000 - 0x00007ffe7231b000 	C:\Windows\system32\uxtheme.dll
0x00007ffe49160000 - 0x00007ffe49260000 	C:\Windows\system32\opengl32.dll
0x00007ffe4ac80000 - 0x00007ffe4acad000 	C:\Windows\SYSTEM32\GLU32.dll
0x00007ffe72370000 - 0x00007ffe723a6000 	C:\Windows\SYSTEM32\dxcore.dll
0x00007ffe773f0000 - 0x00007ffe77540000 	C:\Windows\System32\MSCTF.dll
0x00007ffe770d0000 - 0x00007ffe77270000 	C:\Windows\System32\ole32.dll

dbghelp: loaded successfully - version: 4.0.5 - missing functions: none
symbol engine: initialized successfully - sym options: 0x614 - pdb path: .;C:\Program Files\Java\jdk-21\bin;C:\Windows\SYSTEM32;C:\Windows\WinSxS\amd64_microsoft.windows.common-controls_6595b64144ccf1df_6.0.22621.2506_none_270c5ae97388e100;C:\Program Files\Java\jdk-21\bin\server

VM Arguments:
jvm_args: -Dfile.encoding=UTF-8 -XX:+ShowCodeDetailsInExceptionMessages 
java_command: org.mql.java.ui.MainFrame
java_class_path (initial): D:\Eng-cours\Dev\Java Advanced\Java WorkSpace\Tajry Mohammed - UML Diagrams Generator\bin
Launcher Type: SUN_STANDARD

[Global flags]
     intx CICompilerCount                          = 4                                         {product} {ergonomic}
     uint ConcGCThreads                            = 3                                         {product} {ergonomic}
     uint G1ConcRefinementThreads                  = 10                                        {product} {ergonomic}
   size_t G1HeapRegionSize                         = 2097152                                   {product} {ergonomic}
    uintx GCDrainStackTargetSize                   = 64                                        {product} {ergonomic}
   size_t InitialHeapSize                          = 266338304                                 {product} {ergonomic}
   size_t MarkStackSize                            = 4194304                                   {product} {ergonomic}
   size_t MaxHeapSize                              = 4255121408                                {product} {ergonomic}
   size_t MaxNewSize                               = 2552233984                                {product} {ergonomic}
   size_t MinHeapDeltaBytes                        = 2097152                                   {product} {ergonomic}
   size_t MinHeapSize                              = 8388608                                   {product} {ergonomic}
    uintx NonNMethodCodeHeapSize                   = 5839372                                {pd product} {ergonomic}
    uintx NonProfiledCodeHeapSize                  = 122909434                              {pd product} {ergonomic}
    uintx ProfiledCodeHeapSize                     = 122909434                              {pd product} {ergonomic}
    uintx ReservedCodeCacheSize                    = 251658240                              {pd product} {ergonomic}
     bool SegmentedCodeCache                       = true                                      {product} {ergonomic}
     bool ShowCodeDetailsInExceptionMessages       = true                                   {manageable} {command line}
   size_t SoftMaxHeapSize                          = 4255121408                             {manageable} {ergonomic}
     bool UseCompressedOops                        = true                           {product lp64_product} {ergonomic}
     bool UseG1GC                                  = true                                      {product} {ergonomic}
     bool UseLargePagesIndividualAllocation        = false                                  {pd product} {ergonomic}

Logging:
Log output configuration:
 #0: stdout all=warning uptime,level,tags foldmultilines=false
 #1: stderr all=off uptime,level,tags foldmultilines=false

Environment Variables:
JAVA_HOME=C:\Program Files\Java\jdk-21
PATH=C:/Users/Onlive/.p2/pool/plugins/org.eclipse.justj.openjdk.hotspot.jre.full.win32.x86_64_17.0.8.v20230801-1951/jre/bin/server;C:/Users/Onlive/.p2/pool/plugins/org.eclipse.justj.openjdk.hotspot.jre.full.win32.x86_64_17.0.8.v20230801-1951/jre/bin;C:\Program Files\Java\jdk-21\bin;D:\app\Onlive\product\11.2.0\dbhome_1\bin;C:\Program Files\Common Files\Oracle\Java\javapath;C:\Program Files (x86)\Common Files\Oracle\Java\javapath;C:\Windows\system32;C:\Windows;C:\Windows\System32\Wbem;C:\Windows\System32\WindowsPowerShell\v1.0\;C:\Windows\System32\OpenSSH\;C:\Program Files (x86)\NVIDIA Corporation\PhysX\Common;C:\Program Files (x86)\Windows Kits\10\Windows Performance Toolkit\;C:\Program Files\Liquid Technologies\Liquid Studio\XmlDataBinder20\Redist20\cpp\win32\bin;C:\Program Files\Liquid Technologies\Liquid Studio\XmlDataBinder20\Redist20\cpp\win64\bin;C:\Program Files\SafeNet\Authentication\SAC\x64;C:\Program Files\SafeNet\Authentication\SAC\x32;C:\Program Files\Git\cmd;C:\Users\Onlive\AppData\Local\Programs\Python\Python311\Scripts\;C:\Users\Onlive\AppData\Local\Programs\Python\Python311\;C:\Users\Onlive\AppData\Local\Microsoft\WindowsApps;C:\Users\Onlive\AppData\Local\Programs\Microsoft VS Code\bin;C:\Program Files\JetBrains\IntelliJ IDEA 2021.3\bin;;C:\Users\Onlive\AppData\Local\GitHubDesktop\bin;C:\Users\Onlive\Desktop;
USERNAME=Onlive
OS=Windows_NT
PROCESSOR_IDENTIFIER=Intel64 Family 6 Model 158 Stepping 10, GenuineIntel
TMP=C:\Users\Onlive\AppData\Local\Temp
TEMP=C:\Users\Onlive\AppData\Local\Temp




---------------  S Y S T E M  ---------------

OS:
 Windows 11 , 64 bit Build 22621 (10.0.22621.2506)
OS uptime: 2 days 4:31 hours
Hyper-V role detected

CPU: total 12 (initial active 12) (6 cores per cpu, 2 threads per core) family 6 model 158 stepping 10 microcode 0xf0, cx8, cmov, fxsr, ht, mmx, 3dnowpref, sse, sse2, sse3, ssse3, sse4.1, sse4.2, popcnt, lzcnt, tsc, tscinvbit, avx, avx2, aes, erms, clmul, bmi1, bmi2, adx, fma, vzeroupper, clflush, clflushopt, hv, rdtscp, f16c
Processor Information for all 12 processors :
  Max Mhz: 2592, Current Mhz: 2592, Mhz Limit: 2592

Memory: 4k page, system-wide physical 16224M (5116M free)
TotalPageFile size 31240M (AvailPageFile size 4M)
current process WorkingSet (physical memory assigned to process): 45M, peak: 45M
current process commit charge ("private bytes"): 346M, peak: 346M

vm_info: Java HotSpot(TM) 64-Bit Server VM (21+35-LTS-2513) for windows-amd64 JRE (21+35-LTS-2513), built on 2023-08-09T20:25:10Z by "mach5one" with MS VC++ 17.1 (VS2022)

END.
